12:35:23.211 [main] INFO  testCases.BaseClass - ****Finished TC_LF_001 test case****
12:35:27.264 [main] INFO  testCases.BaseClass - ****Starting TC_LF_002 test case****
12:35:28.048 [main] INFO  testCases.BaseClass - ****Finished TC_LF_002 test case****
12:36:12.337 [main] INFO  testCases.BaseClass - ****Starting TC_LF_001 test case****
12:36:12.937 [main] INFO  testCases.BaseClass - ****Finished TC_LF_001 test case****
12:36:15.600 [main] INFO  testCases.BaseClass - ****Starting TC_LF_002 test case****
12:36:16.128 [main] INFO  testCases.BaseClass - ****Finished TC_LF_002 test case****
12:36:18.257 [main] INFO  testCases.BaseClass - ****Starting TC_PF_001 test case****
12:36:18.849 [main] INFO  testCases.BaseClass - ****Finished TC_PF_001 test case****
12:36:21.088 [main] INFO  testCases.BaseClass - ****Starting TC_PF_002 test case****
12:36:21.680 [main] INFO  testCases.BaseClass - ****Finished TC_PF_002 test case****
12:36:23.937 [main] INFO  testCases.BaseClass - ****Starting TC_PF_004 test case****
12:36:24.845 [main] INFO  testCases.BaseClass - ****Finished TC_PF_004 test case****
12:36:27.188 [main] INFO  testCases.BaseClass - ****Starting TC_PF_005 test case****
12:36:28.208 [main] INFO  testCases.BaseClass - ****Finished TC_PF_005 test case****
12:36:30.469 [main] INFO  testCases.BaseClass - ****Starting TC_PF_006 test case****
12:36:31.395 [main] INFO  testCases.BaseClass - ****Finished TC_PF_006 test case****
12:36:33.651 [main] INFO  testCases.BaseClass - ****Starting TC_PF_007 test case****
12:36:34.659 [main] INFO  testCases.BaseClass - ****Finished TC_PF_007 test case****
12:36:36.758 [main] INFO  testCases.BaseClass - ****Starting TC_CF_001 test case****
12:36:37.422 [main] INFO  testCases.BaseClass - ****Finished TC_CF_001 test case****
12:36:39.616 [main] INFO  testCases.BaseClass - ****Starting TC_CF_003 test case****
12:36:40.473 [main] INFO  testCases.BaseClass - ****Finished TC_CF_003 test case****
12:36:42.580 [main] INFO  testCases.BaseClass - ****Starting TC_CF_004 test case****
12:36:53.289 [main] INFO  testCases.BaseClass - ****Finished TC_CF_004 test case****
12:36:55.804 [main] INFO  testCases.BaseClass - ****Starting TC_CF_005 test case****
12:36:56.600 [main] INFO  testCases.BaseClass - ****Finished TC_CF_005 test case****
12:36:58.704 [main] INFO  testCases.BaseClass - ****Starting TC_CF_006 test case****
12:37:09.481 [main] INFO  testCases.BaseClass - ****Finished TC_CF_006 test case****
12:37:11.724 [main] INFO  testCases.BaseClass - ****Starting TC_CKF_001 test case****
12:37:12.907 [main] INFO  testCases.BaseClass - ****Finished TC_CKF_001 test case****
12:37:15.090 [main] INFO  testCases.BaseClass - ****Starting TC_CKF_002 test case****
12:37:16.336 [main] INFO  testCases.BaseClass - ****Finished TC_CKF_002 test case****
12:37:18.576 [main] INFO  testCases.BaseClass - ****Starting TC_CKF_003 test case****
12:37:19.828 [main] INFO  testCases.BaseClass - ****Finished TC_CKF_003 test case****
12:37:22.636 [main] INFO  testCases.BaseClass - ****Starting TC_CKF_004 test case****
12:37:24.080 [main] INFO  testCases.BaseClass - ****Finished TC_CKF_004 test case****
12:38:28.113 [main] INFO  testCases.BaseClass - ****Starting TC_LF_001 test case****
12:38:28.701 [main] INFO  testCases.BaseClass - ****Finished TC_LF_001 test case****
12:38:31.168 [main] INFO  testCases.BaseClass - ****Starting TC_LF_002 test case****
12:38:31.713 [main] INFO  testCases.BaseClass - ****Finished TC_LF_002 test case****
12:38:33.939 [main] INFO  testCases.BaseClass - ****Starting login test failure test case****
12:38:47.770 [main] INFO  testCases.BaseClass - ****Starting TC_PF_001 test case****
12:38:48.358 [main] INFO  testCases.BaseClass - ****Finished TC_PF_001 test case****
12:38:50.741 [main] INFO  testCases.BaseClass - ****Starting TC_PF_002 test case****
12:38:51.317 [main] INFO  testCases.BaseClass - ****Finished TC_PF_002 test case****
12:38:53.591 [main] INFO  testCases.BaseClass - ****Starting TC_PF_004 test case****
12:38:54.423 [main] INFO  testCases.BaseClass - ****Finished TC_PF_004 test case****
12:38:56.567 [main] INFO  testCases.BaseClass - ****Starting TC_PF_005 test case****
12:38:57.434 [main] INFO  testCases.BaseClass - ****Finished TC_PF_005 test case****
12:38:59.565 [main] INFO  testCases.BaseClass - ****Starting TC_PF_006 test case****
12:39:00.422 [main] INFO  testCases.BaseClass - ****Finished TC_PF_006 test case****
12:39:02.651 [main] INFO  testCases.BaseClass - ****Starting TC_PF_007 test case****
12:39:03.556 [main] INFO  testCases.BaseClass - ****Finished TC_PF_007 test case****
12:39:05.910 [main] INFO  testCases.BaseClass - ****Starting TC_CF_001 test case****
12:39:06.718 [main] INFO  testCases.BaseClass - ****Finished TC_CF_001 test case****
12:39:09.172 [main] INFO  testCases.BaseClass - ****Starting TC_CF_003 test case****
12:39:10.058 [main] INFO  testCases.BaseClass - ****Finished TC_CF_003 test case****
